
> dcp-storybook-addon-demo@1.0.0 storybook
> storybook dev -p 6006

@storybook/core v8.6.14


attention => Storybook now collects completely anonymous telemetry regarding usage.
This information is used to shape Storybook's roadmap and prioritize features.
You can learn more, including how to opt-out if you'd not like to participate in this anonymous program, by visiting the following URL:
https://storybook.js.org/telemetry

info => Starting manager..
info => Starting preview..
info Using tsconfig paths for react-docgen
╭─────────────────────────────────────────────────────────────────────╮
│                                                                     │
│   [38;2;162;224;94mStorybook 8.6.14 for react-vite started[39m                           │
│   128 ms for manager and 1.24 s for preview                         │
│                                                                     │
│   Local:            http://localhost:6006/                          │
│   On your network:  http://172.30.1.25:6006/                        │
│                                                                     │
│   [38;2;243;173;56mA new version (9.0.17) is available![39m                              │
│                                                                     │
│   Upgrade now: [38;2;162;224;94mnpx storybook@latest upgrade[39m                         │
│                                                                     │
│   Read full changelog:                                              │
│   https://github.com/storybookjs/storybook/blob/main/CHANGELOG.md   │
│                                                                     │
╰─────────────────────────────────────────────────────────────────────╯
